0 info it worked if it ends with ok
1 verbose cli [ '/usr/local/bin/node', '/usr/local/bin/npm', 'publish' ]
2 info using npm@3.10.5
3 info using node@v4.4.2
4 verbose publish [ '.' ]
5 silly cache add args [ '.', null ]
6 verbose cache add spec .
7 silly cache add parsed spec Result {
7 silly cache add   raw: '.',
7 silly cache add   scope: null,
7 silly cache add   escapedName: null,
7 silly cache add   name: null,
7 silly cache add   rawSpec: '.',
7 silly cache add   spec: '/Users/jiangjing/JPO/WorkingSpace/YUAN.npm/gitbook-plugin-analytics',
7 silly cache add   type: 'directory' }
8 verbose addLocalDirectory /Users/jiangjing/.npm/gitbook-plugin-analytics/0.2.0/package.tgz not in flight; packing
9 verbose correctMkdir /Users/jiangjing/.npm correctMkdir not in flight; initializing
10 info lifecycle gitbook-plugin-analytics@0.2.0~prepublish: gitbook-plugin-analytics@0.2.0
11 silly lifecycle gitbook-plugin-analytics@0.2.0~prepublish: no script for prepublish, continuing
12 verbose tar pack [ '/Users/jiangjing/.npm/gitbook-plugin-analytics/0.2.0/package.tgz',
12 verbose tar pack   '/Users/jiangjing/JPO/WorkingSpace/YUAN.npm/gitbook-plugin-analytics' ]
13 verbose tarball /Users/jiangjing/.npm/gitbook-plugin-analytics/0.2.0/package.tgz
14 verbose folder /Users/jiangjing/JPO/WorkingSpace/YUAN.npm/gitbook-plugin-analytics
15 verbose addLocalTarball adding from inside cache /Users/jiangjing/.npm/gitbook-plugin-analytics/0.2.0/package.tgz
16 verbose correctMkdir /Users/jiangjing/.npm correctMkdir not in flight; initializing
17 silly cache afterAdd gitbook-plugin-analytics@0.2.0
18 verbose afterAdd /Users/jiangjing/.npm/gitbook-plugin-analytics/0.2.0/package/package.json not in flight; writing
19 verbose correctMkdir /Users/jiangjing/.npm correctMkdir not in flight; initializing
20 verbose afterAdd /Users/jiangjing/.npm/gitbook-plugin-analytics/0.2.0/package/package.json written
21 silly publish { name: 'gitbook-plugin-analytics',
21 silly publish   version: '0.2.0',
21 silly publish   description: 'GitBook plugin for analytics (e.g. Google Analytics) purpose',
21 silly publish   main: 'index.js',
21 silly publish   scripts: { test: 'mocha' },
21 silly publish   repository:
21 silly publish    { type: 'git',
21 silly publish      url: 'git+https://github.com/YounGoat/gitbook-plugin-analytics.git' },
21 silly publish   keywords: [ 'gitbook', 'analytics', 'google-analytics', 'baidu-tongji' ],
21 silly publish   author: { name: 'youngoat@163.com' },
21 silly publish   license: 'ISC',
21 silly publish   bugs: { url: 'https://github.com/YounGoat/gitbook-plugin-analytics/issues' },
21 silly publish   homepage: 'https://github.com/YounGoat/gitbook-plugin-analytics#readme',
21 silly publish   engines: { gitbook: '>=3.x.x' },
21 silly publish   gitbook: { properties: {} },
21 silly publish   dependencies: {},
21 silly publish   readme: '#\tGitBook Plugin Analytics\n\n[![NPM](https://nodei.co/npm/gitbook-plugin-analytics.png?downloads=true&downloadRank=true&stars=true)](https://www.npmjs.com/package/gitbook-plugin-analytics)\n\n##\tTable Of Contents\n\n*\t[Links](#links)\n*\t[Get Started](#get-started)\n*\t[Advanced Configs](#advanced-configs)\n\t*\t[Example 1, Different Analytics In Different Contexts](#config-contexts)\n\t*\t[Example 2, Split The Context Into Parts](#config-context-details)\n\t*\t[Example 3, Simplify The Config, Extracting Bases](#config-extracting-bases)\n\t*\t[Example 4, Simplify The Config, Predefining Vendors](#config-predefining-vendors)\n*\t[Before We Start](#prepare)\n\n##\tLinks\n\n*\t[Homepage](https://github.com/YounGoat/gitbook-plugin-analytics)\n*\t[Change Log](./CHANGELOG.md)\n\n##\tGet Started\n\nFirstly, edit *book.json* which should be located at the root dir of a gitbook. If it does not exist, create it!\n\n```javascript\n// book.json\n{\n\t// ...\n\n\t"plugins": [\n\t\t// ...,\n\t\t"analytics"\n\t],\n\n\t"pluginsConfig": {\n\t\t// ...,\n\t\t"analytics": {\n\t\t\t"google": "TOKEN-1",\n\t\t\t"baidu": "TOKEN-2"\n\t\t}\n\t}\n}\n```\n\nSecondly, run the next commands to active the plugin:\n\n```bash\n# Change dir to the gitbook\'s root dir.\n\n# Install the plugins.\ngitbook install\n\n# Build the the book,\ngitbook build\n# OR, serve it.\ngitbook serve\n```\n\n##\tAdvanced Configs\n\nAs the previous section described, it\'s so easy to active [Google Analytics](https://analytics.google.com) or [Baidu Tongji](http://tongji.baidu.com) by adding responding tokens in ``pluginsConfig``.\n\nHowever, sometimes the ``_book`` folder generated by gitbook may be copied and released to locations other than gitbook.com. So, THE PLUGIN allows to be enabled in some situations and disabled in others. And, it also allows you to use different analytics for different situations.\n\n<a name="config-contexts"></a>\n\n###\tExample 1, Different Analytics In Different Contexts  \n\nA context is defined by a base URL:\n\n```javascript\n{\n\t"pluginsConfig": {\n\t\t// ...,\n\t\t"analytics": {\n\t\t\t/* Here "context" is a fixed property name, NOT name of vendor. */\n\t\t\t"context": [\n\t\t\t\t// ...,\n\t\t\t\t{\n\t\t\t\t\t"vendor": "google",\n\t\t\t\t\t"token": "TOKEN-1",\n\t\t\t\t\t"base": "http://home.example.com/mybook/"\n\t\t\t\t},\n\t\t\t\t{\n\t\t\t\t\t"vendor": "google",\n\t\t\t\t\t"token": "TOKEN-2",\n\t\t\t\t\t"base": "http://mybook.example.com:8080/"\n\t\t\t\t}\n\t\t\t]\n\t\t}\n\t}\n}\n```\n\nThe *base* property may be in one of next forms:\n\n*\tfull base url, e.g.   \n\t``http://home.example.com/mybook/``\n\n*\tbase url without protocol, e.g.  \n\t``//home.example.com/mybook/``\n\n*\tonly protocol, which should be one of the following:\n\t*\thttp\n\t*\thttps\n\n*\tonly hostname, e.g.   \n\t``home.example.com``\n\n*\tonly port, e.g.  \n\t``8080``\n\n*\tonly host (hostname and port), e.g.   \n\t``mybook.example.com:8080``\n\n*\tonly base path (must begin with a slash "/"), e.g.   \n\t``/mybook/``\n\n\nThe *base* property may also be an array, e.g.\n\n```javascript\n{\n\t"pluginsConfig": {\n\t\t// ...,\n\t\t"analytics": {\n\t\t\t/* Here "context" is a fixed property name, NOT name of vendor. */\n\t\t\t"context": [\n\t\t\t\t// ...,\n\t\t\t\t{\n\t\t\t\t\t"vendor": "google",\n\t\t\t\t\t"token": "TOKEN-1",\n\t\t\t\t\t"base": [\n\t\t\t\t\t\t"http://home.example.com/mybook/",\n\t\t\t\t\t\t"http://www.example.com/mybook/"\n\t\t\t\t\t]\n\t\t\t\t},\n\t\t\t\t{\n\t\t\t\t\t"vendor": "google",\n\t\t\t\t\t"token": "TOKEN-2",\n\t\t\t\t\t"base": "http://mybook.example.com:8080/"\n\t\t\t\t}\n\t\t\t]\n\t\t}\n\t}\n}\n```\n\n<a name="config-context-details"></a>\n\n###\tExample 2, Split The Context Into Parts  \n\n```javascript\n{\n\t"pluginsConfig": {\n\t\t// ...,\n\t\t"analytics": {\n\t\t\t/* Here "context" is a fixed property name, NOT name of vendor. */\n\t\t\t"context": [\n\t\t\t\t// ...,\n\t\t\t\t{\n\t\t\t\t\t"vendor": "google",\n\t\t\t\t\t"token": "TOKEN-1",\n\t\t\t\t\t"hostname": "home.example.com",\n\t\t\t\t\t"path": "/mybook/"\n\t\t\t\t},\n\t\t\t\t{\n\t\t\t\t\t"vendor": "google",\n\t\t\t\t\t"token": "TOKEN-2",\n\t\t\t\t\t"hostname": "mybook.example.com",\n\t\t\t\t\t"port": "8080"\n\t\t\t\t}\n\t\t\t]\n\t\t}\n\t}\n}\n```\n\nActually, we may define the context with next details:\n\n*\t*protocol*\n*\t*hostname*\n*\t*host*\n*\t*port*\n*\t*path*\n\nThe bundled analytics will only be enabled when all details specified matching. Each context property may be a string or an array, e.g.\n\n```javascript\n{\n\t"pluginsConfig": {\n\t\t// ...,\n\t\t"analytics": {\n\t\t\t/* Here "context" is a fixed property name, NOT name of vendor. */\n\t\t\t"context": [\n\t\t\t\t// ...,\n\t\t\t\t{\n\t\t\t\t\t"vendor": "google",\n\t\t\t\t\t"token": "TOKEN-1",\n\t\t\t\t\t"hostname": [ "home.example.com", "www.example.com" ],\n\t\t\t\t\t"path": "/mybook/"\n\t\t\t\t},\n\t\t\t\t{\n\t\t\t\t\t"vendor": "google",\n\t\t\t\t\t"token": "TOKEN-2",\n\t\t\t\t\t"hostname": "mybook.example.com",\n\t\t\t\t\t"port": [ "8080", "8088" ]\n\t\t\t\t}\n\t\t\t]\n\t\t}\n\t}\n}\n```\n\n<a name="config-extracting-bases"></a>\n\n###\tExample 3, Simplify The Config, Extracting Bases  \n\nThe *base* values may be extracted to be the keyname of *analytics* object, as long as it DOES NOT EQUAL TO:\n\n*\tvendor codes, including\n\t*\t*baidu*  \n\t*\t*google*  \n*\tor other preserved keywords, including\n\t*\t*context*  \n\t*\t*contexts*  \n\t*\t*vendor*  \n\t*\t*vendors*\n\n```javascript\n{\n\t"pluginsConfig": {\n\t\t// ...,\n\t\t"analytics": {\n\t\t\t// ...,\n\t\t\t"//home.example.com/mybook/": {\n\t\t\t\t"vendor": "google",\n\t\t\t\t"token": "TOKEN-1"\n\t\t\t},\n\t\t\t"mybook.example.com:8080": {\n\t\t\t\t"vendor": "google",\n\t\t\t\t"token": "TOKEN-2"\n\t\t\t}\n\t\t}\n\t}\n}\n```\n\nIn these cases, *vendor* and *token* can also be expressed with an array. e.g.\n\n```javascript\n{\n\t"pluginsConfig": {\n\t\t// ...,\n\t\t"analytics": {\n\t\t\t// ...,\n\t\t\t"//home.example.com/mybook": [ "google", "TOKEN-1" ],\n\t\t\t"mybook.example.com": [ "google", "TOKEN-2" ] /* vendor first, and token follows */\n\t\t}\n\t}\n}\n```\n\n<a name="config-predefining-vendors"></a>\n\n###\tExample 4, Simplify The Config, Predefining Vendors  \n\n```javascript\n{\n\t"pluginsConfig": {\n\t\t// ...,\n\t\t"analytics": {\n\t\t\t// ...,\n\t\t\t/* "vendors" and "vendor" are preserved keywords. */\n\t\t\t"vendors": {\n\t\t\t\t/* This keyname is user defined. */\n\t\t\t\t/* The value is an object made up of "vendor" and "token". */\n\t\t\t\t"MY_ANALITICS_NAME_1": { "vendor": "google", "token": "TOKEN-1" },\n\n\t\t\t\t/* The value may also be an array\n\t\t\t\t   vendor code first and token follows. */\n\t\t\t\t"MY_ANALITICS_NAME_2": [ "google", "TOKEN-2" ],\n\n\t\t\t\t/* The value may also be a group of analytics. */\n\t\t\t\t"MY_ANALITICS_NAME_3": [\n\t\t\t\t\t[ "google", "TOKEN-3" ],\n\t\t\t\t\t[ "baidu", "TOKEN-4" ]\n\t\t\t\t]\n\t\t\t},\n\t\t\t/* Apply analytics to specified base. */\n\t\t\t"//home.example.com/mybook/": "MY_ANALITICS_NAME_1",\n\t\t\t"mybook.example.com:8080": "MY_ANALITICS_NAME_2",\n\t\t\t"mybook.example.com": "MY_ANALITICS_NAME_3"\n\t\t}\n\t}\n}\n```\n\n<a name="prepare"></a>\n\n##\tBefore We Start\n\nATTENTION: Gitbook project config file *book.json* is JSON format, in which no comment is allowed. So, the C-style comments in example configs should be deleted in real config file.\n\nTHE PLUGIN is compitable with gitbook >= 3.x.x. If the gitbook engine you installed is an older one, THE PLUGIN does not work, and the next message will be printed in console when you build or serve your book:\n\n```bash\n# ...\ninfo: load plugin gitbook-plugin-analytics ....ERROR\n# ...\nError: Error loading plugins: gitbook-plugin-analytics. Run \'gitbook install\' to install plugins from NPM.\n```\n\nStop trying to run ``gitbook install`` again and again, it\'s vain.\n\n__DO NOT know what is the current version of gitbook?__ Run the next command to see:\n\n```bash\n# List installed versions of gitbook engine.\ngitbook verions\n# One or more versions will be listed row by row.\n# The one prefixed with * is the currrent version.\n\n# Force install specific version of gitbook engine if necessary.\ngitbook versions:install 3.2.2\n```\n',
21 silly publish   readmeFilename: 'README.md',
21 silly publish   gitHead: '3eb48ad371e4f86f784b9a8574c7d8bd780c6b93',
21 silly publish   _id: 'gitbook-plugin-analytics@0.2.0',
21 silly publish   _shasum: 'b1d7d45b4e8b21073e651eb00a2955d6cbee1e0e',
21 silly publish   _from: '.' }
22 verbose getPublishConfig undefined
23 silly mapToRegistry name gitbook-plugin-analytics
24 silly mapToRegistry using default registry
25 silly mapToRegistry registry https://registry.npmjs.org/
26 silly mapToRegistry data Result {
26 silly mapToRegistry   raw: 'gitbook-plugin-analytics',
26 silly mapToRegistry   scope: null,
26 silly mapToRegistry   escapedName: 'gitbook-plugin-analytics',
26 silly mapToRegistry   name: 'gitbook-plugin-analytics',
26 silly mapToRegistry   rawSpec: '',
26 silly mapToRegistry   spec: 'latest',
26 silly mapToRegistry   type: 'tag' }
27 silly mapToRegistry uri https://registry.npmjs.org/gitbook-plugin-analytics
28 verbose publish registryBase https://registry.npmjs.org/
29 silly publish uploading /Users/jiangjing/.npm/gitbook-plugin-analytics/0.2.0/package.tgz
30 verbose request uri https://registry.npmjs.org/gitbook-plugin-analytics
31 verbose request sending authorization for write operation
32 info attempt registry request try #1 at 12:18:45 AM
33 verbose request using bearer token for auth
34 verbose request id ea3fd656d117be03
35 http request PUT https://registry.npmjs.org/gitbook-plugin-analytics
36 http 403 https://registry.npmjs.org/gitbook-plugin-analytics
37 verbose headers { 'content-type': 'application/json',
37 verbose headers   'cache-control': 'max-age=300',
37 verbose headers   'content-length': '95',
37 verbose headers   'accept-ranges': 'bytes',
37 verbose headers   date: 'Sat, 29 Apr 2017 16:18:46 GMT',
37 verbose headers   via: '1.1 varnish',
37 verbose headers   connection: 'keep-alive',
37 verbose headers   'x-served-by': 'cache-nrt6127-NRT',
37 verbose headers   'x-cache': 'MISS',
37 verbose headers   'x-cache-hits': '0',
37 verbose headers   'x-timer': 'S1493482726.378501,VS0,VE488',
37 verbose headers   vary: 'Accept-Encoding' }
38 verbose request invalidating /Users/jiangjing/.npm/registry.npmjs.org/gitbook-plugin-analytics on PUT
39 error publish Failed PUT 403
40 verbose stack Error: "You cannot publish over the previously published version 0.2.0." : gitbook-plugin-analytics
40 verbose stack     at makeError (/usr/local/lib/node_modules/npm/node_modules/npm-registry-client/lib/request.js:264:12)
40 verbose stack     at CachingRegistryClient.<anonymous> (/usr/local/lib/node_modules/npm/node_modules/npm-registry-client/lib/request.js:252:14)
40 verbose stack     at Request._callback (/usr/local/lib/node_modules/npm/node_modules/npm-registry-client/lib/request.js:172:14)
40 verbose stack     at Request.self.callback (/usr/local/lib/node_modules/npm/node_modules/request/request.js:200:22)
40 verbose stack     at emitTwo (events.js:87:13)
40 verbose stack     at Request.emit (events.js:172:7)
40 verbose stack     at Request.<anonymous> (/usr/local/lib/node_modules/npm/node_modules/request/request.js:1067:10)
40 verbose stack     at emitOne (events.js:82:20)
40 verbose stack     at Request.emit (events.js:169:7)
40 verbose stack     at IncomingMessage.<anonymous> (/usr/local/lib/node_modules/npm/node_modules/request/request.js:988:12)
41 verbose statusCode 403
42 verbose pkgid gitbook-plugin-analytics
43 verbose cwd /Users/jiangjing/JPO/WorkingSpace/YUAN.npm/gitbook-plugin-analytics
44 error Darwin 16.1.0
45 error argv "/usr/local/bin/node" "/usr/local/bin/npm" "publish"
46 error node v4.4.2
47 error npm  v3.10.5
48 error code E403
49 error "You cannot publish over the previously published version 0.2.0." : gitbook-plugin-analytics
50 error If you need help, you may report this error at:
50 error     <https://github.com/npm/npm/issues>
51 verbose exit [ 1, true ]
